<?xml version="1.0" encoding="UTF-8"?>
<!-- Generated by org.testng.reporters.JUnitXMLReporter -->
<testsuite ignored="0" hostname="vund30992" failures="2" tests="3" name="Run on Opera" time="19.414" errors="0" timestamp="18 Jul 2023 09:22:11 GMT">
  <testcase classname="com.nopcommerce.user.Level_20_Manage_Data_Part_I" name="User_01_Register" time="12.922">
    <failure type="java.lang.AssertionError" message="expected [Your registration completed...] but found [Your registration completed]">
      <![CDATA[java.lang.AssertionError: expected [Your registration completed...] but found [Your registration completed]
at com.nopcommerce.user.Level_20_Manage_Data_Part_I.User_01_Register(Level_20_Manage_Data_Part_I.java:76)
... Removed 31 stack frames]]>
    </failure>
  </testcase> <!-- User_01_Register -->
  <testcase classname="com.nopcommerce.user.Level_20_Manage_Data_Part_I" name="User_02_Login" time="1.437">
    <failure type="java.lang.AssertionError" message="expected [false] but found [true]">
      <![CDATA[java.lang.AssertionError: expected [false] but found [true]
at com.nopcommerce.user.Level_20_Manage_Data_Part_I.User_02_Login(Level_20_Manage_Data_Part_I.java:103)
... Removed 29 stack frames]]>
    </failure>
  </testcase> <!-- User_02_Login -->
  <testcase classname="com.nopcommerce.user.Level_20_Manage_Data_Part_I" name="User_03_My_Account" time="0.557"/>
</testsuite> <!-- Run on Opera -->
