<?xml version="1.0" encoding="UTF-8"?>
<!-- Generated by org.testng.reporters.JUnitXMLReporter -->
<testsuite ignored="0" hostname="vund30992" failures="0" tests="3" name="Run on FIREFOX" time="21.262" errors="0" timestamp="03 Aug 2023 23:38:32 GMT">
  <testcase classname="com.nopcommerce.user.Level_24_Browser_Factory" name="User_01_Register" time="13.494"/>
  <testcase classname="com.nopcommerce.user.Level_24_Browser_Factory" name="User_02_Login" time="1.887"/>
  <testcase classname="com.nopcommerce.user.Level_24_Browser_Factory" name="User_03_My_Account" time="0.652"/>
</testsuite> <!-- Run on FIREFOX -->
