<?xml version="1.0" encoding="UTF-8"?>
<!-- Generated by org.testng.reporters.JUnitXMLReporter -->
<testsuite ignored="0" hostname="vund30992" failures="0" tests="3" name="Run on CHROME" time="19.646" errors="0" timestamp="03 Aug 2023 23:38:31 GMT">
  <testcase classname="com.nopcommerce.user.Level_24_Browser_Factory" name="User_01_Register" time="13.342"/>
  <testcase classname="com.nopcommerce.user.Level_24_Browser_Factory" name="User_02_Login" time="2.208"/>
  <testcase classname="com.nopcommerce.user.Level_24_Browser_Factory" name="User_03_My_Account" time="0.617"/>
</testsuite> <!-- Run on CHROME -->
