<?xml version="1.0" encoding="UTF-8"?>
<testsuite xmlns:xsi="http://www.w3.org/2001/XMLSchema-instance" xsi:noNamespaceSchemaLocation="https://maven.apache.org/surefire/maven-surefire-plugin/xsd/surefire-test-report.xsd" name="TestSuite" time="21.576" tests="3" errors="0" skipped="0" failures="2">
  <properties>
[...]
</properties>
  <testcase name="User_01_Register" classname="com.nopcommerce.user.Level_21_Multiple_Environment_Parameter" time="13.105">
    <failure message="expected [Your registration completed...] but found [Your registration completed]" type="java.lang.AssertionError">java.lang.AssertionError: expected [Your registration completed...] but found [Your registration completed]
	at com.nopcommerce.user.Level_21_Multiple_Environment_Parameter.User_01_Register(Level_21_Multiple_Environment_Parameter.java:76)
</failure>
    <system-out><![CDATA[[TestNGContentHandler] [WARN] It is strongly recommended to add "<!DOCTYPE suite SYSTEM "http://testng.org/testng-1.0.dtd" >" at the top of your file, otherwise TestNG may fail or not work as expected.
[INFO ] [2023-07-20 23:05:58,978] Register Step 01: Navigate to 'Register' page
Locator type before: xpath=//label[text()='%s']/preceding-sibling::input
Values map to locator: Female
Locator type after: xpath=//label[text()='Female']/preceding-sibling::input
Locator type before: xpath=//label[text()='%s']/preceding-sibling::input
Values map to locator: Female
Locator type after: xpath=//label[text()='Female']/preceding-sibling::input
[INFO ] [2023-07-20 23:06:00,234] Register Step 02: Enter to Firstname textbox with value is 'Drusilla'
Locator type before: xpath=//input[@id='%s']
Values map to locator: FirstName
Locator type after: xpath=//input[@id='FirstName']
Locator type before: xpath=//input[@id='%s']
Values map to locator: FirstName
Locator type after: xpath=//input[@id='FirstName']
[INFO ] [2023-07-20 23:06:00,384] Register Step 03: Enter to Lastname textbox with value is 'Bernier'
Locator type before: xpath=//input[@id='%s']
Values map to locator: LastName
Locator type after: xpath=//input[@id='LastName']
Locator type before: xpath=//input[@id='%s']
Values map to locator: LastName
Locator type after: xpath=//input[@id='LastName']
Locator type before: xpath=//select[@name='%s']
Values map to locator: DateOfBirthDay
Locator type after: xpath=//select[@name='DateOfBirthDay']
Locator type before: xpath=//select[@name='%s']
Values map to locator: DateOfBirthDay
Locator type after: xpath=//select[@name='DateOfBirthDay']
Locator type before: xpath=//select[@name='%s']
Values map to locator: DateOfBirthMonth
Locator type after: xpath=//select[@name='DateOfBirthMonth']
Locator type before: xpath=//select[@name='%s']
Values map to locator: DateOfBirthMonth
Locator type after: xpath=//select[@name='DateOfBirthMonth']
Locator type before: xpath=//select[@name='%s']
Values map to locator: DateOfBirthYear
Locator type after: xpath=//select[@name='DateOfBirthYear']
Locator type before: xpath=//select[@name='%s']
Values map to locator: DateOfBirthYear
Locator type after: xpath=//select[@name='DateOfBirthYear']
[INFO ] [2023-07-20 23:06:00,829] Register Step 04: Enter to Email textbox with value is 'towanda.maggio@gmail.com'
Locator type before: xpath=//input[@id='%s']
Values map to locator: Email
Locator type after: xpath=//input[@id='Email']
Locator type before: xpath=//input[@id='%s']
Values map to locator: Email
Locator type after: xpath=//input[@id='Email']
Locator type before: xpath=//label[contains(text(),'%s')]/following-sibling::input
Values map to locator: Newsletter
Locator type after: xpath=//label[contains(text(),'Newsletter')]/following-sibling::input
Locator type before: xpath=//label[contains(text(),'%s')]/following-sibling::input
Values map to locator: Newsletter
Locator type after: xpath=//label[contains(text(),'Newsletter')]/following-sibling::input
[INFO ] [2023-07-20 23:06:01,030] Register Step 05: Enter to Password textbox with value is '*d^V9!PPiyP'
Locator type before: xpath=//input[@id='%s']
Values map to locator: Password
Locator type after: xpath=//input[@id='Password']
Locator type before: xpath=//input[@id='%s']
Values map to locator: Password
Locator type after: xpath=//input[@id='Password']
[INFO ] [2023-07-20 23:06:01,152] Register - Step 06: Enter to Confirm Password textbox with value is '*d^V9!PPiyP'
Locator type before: xpath=//input[@id='%s']
Values map to locator: ConfirmPassword
Locator type after: xpath=//input[@id='ConfirmPassword']
Locator type before: xpath=//input[@id='%s']
Values map to locator: ConfirmPassword
Locator type after: xpath=//input[@id='ConfirmPassword']
[INFO ] [2023-07-20 23:06:11,276] Register - Step 07: Click to 'Register' button
Locator type before: xpath=//button[text()='%s']
Values map to locator: Register
Locator type after: xpath=//button[text()='Register']
Locator type before: xpath=//button[text()='%s']
Values map to locator: Register
Locator type after: xpath=//button[text()='Register']
[INFO ] [2023-07-20 23:06:11,967] Register - Step 08: Verify register success message is displayed
]]></system-out>
    <system-err><![CDATA[SLF4J: Failed to load class "org.slf4j.impl.StaticLoggerBinder".
SLF4J: Defaulting to no-operation (NOP) logger implementation
SLF4J: See http://www.slf4j.org/codes.html#StaticLoggerBinder for further details.
Starting ChromeDriver 114.0.5735.90 (386bc09e8f4f2e025eddae123f36f6263096ae49-refs/branch-heads/5735@{#1052}) on port 35310
Only local connections are allowed.
Please see https://chromedriver.chromium.org/security-considerations for suggestions on keeping ChromeDriver safe.
ChromeDriver was started successfully.
[1689869157.335][WARNING]: This version of ChromeDriver has not been tested with Chrome version 115.
Jul 20, 2023 11:05:57 PM org.openqa.selenium.remote.ProtocolHandshake createSession
INFO: Detected dialect: W3C
]]></system-err>
  </testcase>
  <testcase name="User_02_Login" classname="com.nopcommerce.user.Level_21_Multiple_Environment_Parameter" time="1.458">
    <failure message="expected [false] but found [true]" type="java.lang.AssertionError">java.lang.AssertionError: expected [false] but found [true]
	at com.nopcommerce.user.Level_21_Multiple_Environment_Parameter.User_02_Login(Level_21_Multiple_Environment_Parameter.java:103)
</failure>
    <system-out><![CDATA[[INFO ] [2023-07-20 23:06:12,475] Login - Step 01: Navigate to Login page
[INFO ] [2023-07-20 23:06:12,854] Login - Step 02: Enter to Email textbox with value is 'towanda.maggio@gmail.com'
Locator type before: xpath=//input[@id='%s']
Values map to locator: Email
Locator type after: xpath=//input[@id='Email']
Locator type before: xpath=//input[@id='%s']
Values map to locator: Email
Locator type after: xpath=//input[@id='Email']
[INFO ] [2023-07-20 23:06:13,006] Login Step 03: Enter to Password textbox with value is '*d^V9!PPiyP'
Locator type before: xpath=//input[@id='%s']
Values map to locator: Password
Locator type after: xpath=//input[@id='Password']
Locator type before: xpath=//input[@id='%s']
Values map to locator: Password
Locator type after: xpath=//input[@id='Password']
[INFO ] [2023-07-20 23:06:13,131] Login - Step 04: Click to Login button
Locator type before: xpath=//button[text()='%s']
Values map to locator: Log in
Locator type after: xpath=//button[text()='Log in']
Locator type before: xpath=//button[text()='%s']
Values map to locator: Log in
Locator type after: xpath=//button[text()='Log in']
[INFO ] [2023-07-20 23:06:13,772] Login Step 05: Verify 'My Account' link is displayed
]]></system-out>
  </testcase>
  <testcase name="User_03_My_Account" classname="com.nopcommerce.user.Level_21_Multiple_Environment_Parameter" time="0.841"/>
</testsuite>