<?xml version="1.0" encoding="UTF-8"?>
<testng-results ignored="0" total="6" passed="6" failed="0" skipped="0">
  <reporter-output>
    <line>
      <![CDATA[[INFO ] [2023-08-04 06:38:14,806] Register Step 01: Navigate to 'Register' page
<br>]]>
    </line>
    <line>
      <![CDATA[[INFO ] [2023-08-04 06:38:16,063] Register Step 02: Enter to Firstname textbox with value is 'Krista'
<br>]]>
    </line>
    <line>
      <![CDATA[[INFO ] [2023-08-04 06:38:16,083] Register Step 01: Navigate to 'Register' page
<br>]]>
    </line>
    <line>
      <![CDATA[[INFO ] [2023-08-04 06:38:16,213] Register Step 03: Enter to Lastname textbox with value is 'Anderson'
<br>]]>
    </line>
    <line>
      <![CDATA[[INFO ] [2023-08-04 06:38:16,677] Register Step 04: Enter to Email textbox with value is 'claretta.stoltenberg@gmail.com'
<br>]]>
    </line>
    <line>
      <![CDATA[[INFO ] [2023-08-04 06:38:16,888] Register Step 05: Enter to Password textbox with value is '96%8yQSg!S'
<br>]]>
    </line>
    <line>
      <![CDATA[[INFO ] [2023-08-04 06:38:17,011] Register - Step 06: Enter to Confirm Password textbox with value is '96%8yQSg!S'
<br>]]>
    </line>
    <line>
      <![CDATA[[INFO ] [2023-08-04 06:38:17,403] Register Step 02: Enter to Firstname textbox with value is 'Deidre'
<br>]]>
    </line>
    <line>
      <![CDATA[[INFO ] [2023-08-04 06:38:17,491] Register Step 03: Enter to Lastname textbox with value is 'Jast'
<br>]]>
    </line>
    <line>
      <![CDATA[[INFO ] [2023-08-04 06:38:18,491] Register Step 04: Enter to Email textbox with value is 'normand.quigley@yahoo.com'
<br>]]>
    </line>
    <line>
      <![CDATA[[INFO ] [2023-08-04 06:38:18,618] Register Step 05: Enter to Password textbox with value is 'jzp8%jfe9pg'
<br>]]>
    </line>
    <line>
      <![CDATA[[INFO ] [2023-08-04 06:38:18,702] Register - Step 06: Enter to Confirm Password textbox with value is 'jzp8%jfe9pg'
<br>]]>
    </line>
    <line>
      <![CDATA[[INFO ] [2023-08-04 06:38:27,138] Register - Step 07: Click to 'Register' button
<br>]]>
    </line>
    <line>
      <![CDATA[[INFO ] [2023-08-04 06:38:28,000] Register - Step 08: Verify register success message is displayed
<br>]]>
    </line>
    <line>
      <![CDATA[[INFO ] [2023-08-04 06:38:28,254] Login - Step 01: Navigate to Login page
<br>]]>
    </line>
    <line>
      <![CDATA[[INFO ] [2023-08-04 06:38:28,770] Login - Step 02: Enter to Email textbox with value is 'claretta.stoltenberg@gmail.com'
<br>]]>
    </line>
    <line>
      <![CDATA[[INFO ] [2023-08-04 06:38:28,791] Register - Step 07: Click to 'Register' button
<br>]]>
    </line>
    <line>
      <![CDATA[[INFO ] [2023-08-04 06:38:28,938] Login Step 03: Enter to Password textbox with value is '96%8yQSg!S'
<br>]]>
    </line>
    <line>
      <![CDATA[[INFO ] [2023-08-04 06:38:29,068] Login - Step 04: Click to Login button
<br>]]>
    </line>
    <line>
      <![CDATA[[INFO ] [2023-08-04 06:38:29,518] Register - Step 08: Verify register success message is displayed
<br>]]>
    </line>
    <line>
      <![CDATA[[INFO ] [2023-08-04 06:38:29,666] Login - Step 01: Navigate to Login page
<br>]]>
    </line>
    <line>
      <![CDATA[[INFO ] [2023-08-04 06:38:29,847] Login Step 05: Verify 'My Account' link is displayed
<br>]]>
    </line>
    <line>
      <![CDATA[[INFO ] [2023-08-04 06:38:29,918]  -------------------------- PASSED -------------------------- 
<br>]]>
    </line>
    <line>
      <![CDATA[[INFO ] [2023-08-04 06:38:29,918] Login Step 06: Navigate to 'My Account' page
<br>]]>
    </line>
    <line>
      <![CDATA[[INFO ] [2023-08-04 06:38:30,076] Login - Step 02: Enter to Email textbox with value is 'normand.quigley@yahoo.com'
<br>]]>
    </line>
    <line>
      <![CDATA[[INFO ] [2023-08-04 06:38:30,155] Login Step 03: Enter to Password textbox with value is 'jzp8%jfe9pg'
<br>]]>
    </line>
    <line>
      <![CDATA[[INFO ] [2023-08-04 06:38:30,234] Login - Step 04: Click to Login button
<br>]]>
    </line>
    <line>
      <![CDATA[[INFO ] [2023-08-04 06:38:30,297] Login Step 06: Verify 'Customer Infor' page is displayed
<br>]]>
    </line>
    <line>
      <![CDATA[[INFO ] [2023-08-04 06:38:30,364]  -------------------------- PASSED -------------------------- 
<br>]]>
    </line>
    <line>
      <![CDATA[[INFO ] [2023-08-04 06:38:30,369] My Account Step 01: Navigate to 'My Account' page
<br>]]>
    </line>
    <line>
      <![CDATA[[INFO ] [2023-08-04 06:38:30,735] My Account Step 02: Verify 'Customer Infor' page is displayed
<br>]]>
    </line>
    <line>
      <![CDATA[[INFO ] [2023-08-04 06:38:30,798]  -------------------------- PASSED -------------------------- 
<br>]]>
    </line>
    <line>
      <![CDATA[[INFO ] [2023-08-04 06:38:30,799] My Account Step 03: Verify 'First Name' value is correctly
<br>]]>
    </line>
    <line>
      <![CDATA[[INFO ] [2023-08-04 06:38:30,859]  -------------------------- PASSED -------------------------- 
<br>]]>
    </line>
    <line>
      <![CDATA[[INFO ] [2023-08-04 06:38:30,859] My Account Step 04: Verify 'Last Name' value is correctly
<br>]]>
    </line>
    <line>
      <![CDATA[[INFO ] [2023-08-04 06:38:30,920]  -------------------------- PASSED -------------------------- 
<br>]]>
    </line>
    <line>
      <![CDATA[[INFO ] [2023-08-04 06:38:30,920] My Account Step 05: Verify 'Email' value is correctly
<br>]]>
    </line>
    <line>
      <![CDATA[[INFO ] [2023-08-04 06:38:30,934] Login Step 05: Verify 'My Account' link is displayed
<br>]]>
    </line>
    <line>
      <![CDATA[[INFO ] [2023-08-04 06:38:30,983]  -------------------------- PASSED -------------------------- 
<br>]]>
    </line>
    <line>
      <![CDATA[[INFO ] [2023-08-04 06:38:30,987] OS name = windows 11
<br>]]>
    </line>
    <line>
      <![CDATA[[INFO ] [2023-08-04 06:38:30,987] Driver instance name = chromedriver: chrome on windows (9dc610feb43a2c9e9ceba0edcf8c0129)
<br>]]>
    </line>
    <line>
      <![CDATA[[INFO ] [2023-08-04 06:38:31,003]  -------------------------- PASSED -------------------------- 
<br>]]>
    </line>
    <line>
      <![CDATA[[INFO ] [2023-08-04 06:38:31,003] Login Step 06: Navigate to 'My Account' page
<br>]]>
    </line>
    <line>
      <![CDATA[[INFO ] [2023-08-04 06:38:31,402] Login Step 06: Verify 'Customer Infor' page is displayed
<br>]]>
    </line>
    <line>
      <![CDATA[[INFO ] [2023-08-04 06:38:31,464]  -------------------------- PASSED -------------------------- 
<br>]]>
    </line>
    <line>
      <![CDATA[[INFO ] [2023-08-04 06:38:31,468] My Account Step 01: Navigate to 'My Account' page
<br>]]>
    </line>
    <line>
      <![CDATA[[INFO ] [2023-08-04 06:38:31,877] My Account Step 02: Verify 'Customer Infor' page is displayed
<br>]]>
    </line>
    <line>
      <![CDATA[[INFO ] [2023-08-04 06:38:31,934]  -------------------------- PASSED -------------------------- 
<br>]]>
    </line>
    <line>
      <![CDATA[[INFO ] [2023-08-04 06:38:31,935] My Account Step 03: Verify 'First Name' value is correctly
<br>]]>
    </line>
    <line>
      <![CDATA[[INFO ] [2023-08-04 06:38:31,995]  -------------------------- PASSED -------------------------- 
<br>]]>
    </line>
    <line>
      <![CDATA[[INFO ] [2023-08-04 06:38:31,995] My Account Step 04: Verify 'Last Name' value is correctly
<br>]]>
    </line>
    <line>
      <![CDATA[[INFO ] [2023-08-04 06:38:32,058]  -------------------------- PASSED -------------------------- 
<br>]]>
    </line>
    <line>
      <![CDATA[[INFO ] [2023-08-04 06:38:32,058] My Account Step 05: Verify 'Email' value is correctly
<br>]]>
    </line>
    <line>
      <![CDATA[[INFO ] [2023-08-04 06:38:32,119]  -------------------------- PASSED -------------------------- 
<br>]]>
    </line>
    <line>
      <![CDATA[[INFO ] [2023-08-04 06:38:32,123] OS name = windows 11
<br>]]>
    </line>
    <line>
      <![CDATA[[INFO ] [2023-08-04 06:38:32,123] Driver instance name = firefoxdriver: firefox on windows (52e5e755-556f-40c5-b8f5-053702ea02f0)
<br>]]>
    </line>
  </reporter-output>
  <suite started-at="2023-08-03T23:38:11Z" name="NopCommerce - User" finished-at="2023-08-03T23:38:32Z" duration-ms="21262">
    <groups>
    </groups>
    <test started-at="2023-08-03T23:38:11Z" name="Run on CHROME" finished-at="2023-08-03T23:38:31Z" duration-ms="19646">
      <class name="com.nopcommerce.user.Level_24_Browser_Factory">
        <test-method is-config="true" signature="initBeforeSuite()[pri:0, instance:com.nopcommerce.user.Level_24_Browser_Factory@36c0d0bd]" started-at="2023-08-03T23:38:11Z" name="initBeforeSuite" finished-at="2023-08-03T23:38:11Z" duration-ms="27" status="PASS">
          <reporter-output>
          </reporter-output>
        </test-method> <!-- initBeforeSuite -->
        <test-method is-config="true" signature="beforeClass(java.lang.String, java.lang.String, java.lang.String, java.lang.String, java.lang.String, java.lang.String, java.lang.String)[pri:0, instance:com.nopcommerce.user.Level_24_Browser_Factory@36c0d0bd]" started-at="2023-08-03T23:38:11Z" name="beforeClass" finished-at="2023-08-03T23:38:14Z" duration-ms="3077" status="PASS">
          <params>
            <param index="0">
              <value>
                <![CDATA[local]]>
              </value>
            </param>
            <param index="1">
              <value>
                <![CDATA[dev]]>
              </value>
            </param>
            <param index="2">
              <value>
                <![CDATA[chrome]]>
              </value>
            </param>
            <param index="3">
              <value>
                <![CDATA[localhost]]>
              </value>
            </param>
            <param index="4">
              <value>
                <![CDATA[4444]]>
              </value>
            </param>
            <param index="5">
              <value>
                <![CDATA[Windows]]>
              </value>
            </param>
            <param index="6">
              <value>
                <![CDATA[10]]>
              </value>
            </param>
          </params>
          <reporter-output>
          </reporter-output>
        </test-method> <!-- beforeClass -->
        <test-method signature="User_01_Register()[pri:0, instance:com.nopcommerce.user.Level_24_Browser_Factory@36c0d0bd]" started-at="2023-08-03T23:38:14Z" name="User_01_Register" finished-at="2023-08-03T23:38:28Z" duration-ms="13342" status="PASS">
          <reporter-output>
            <line>
              <![CDATA[[INFO ] [2023-08-04 06:38:14,806] Register Step 01: Navigate to 'Register' page
<br>]]>
            </line>
            <line>
              <![CDATA[[INFO ] [2023-08-04 06:38:16,063] Register Step 02: Enter to Firstname textbox with value is 'Krista'
<br>]]>
            </line>
            <line>
              <![CDATA[[INFO ] [2023-08-04 06:38:16,213] Register Step 03: Enter to Lastname textbox with value is 'Anderson'
<br>]]>
            </line>
            <line>
              <![CDATA[[INFO ] [2023-08-04 06:38:16,677] Register Step 04: Enter to Email textbox with value is 'claretta.stoltenberg@gmail.com'
<br>]]>
            </line>
            <line>
              <![CDATA[[INFO ] [2023-08-04 06:38:16,888] Register Step 05: Enter to Password textbox with value is '96%8yQSg!S'
<br>]]>
            </line>
            <line>
              <![CDATA[[INFO ] [2023-08-04 06:38:17,011] Register - Step 06: Enter to Confirm Password textbox with value is '96%8yQSg!S'
<br>]]>
            </line>
            <line>
              <![CDATA[[INFO ] [2023-08-04 06:38:27,138] Register - Step 07: Click to 'Register' button
<br>]]>
            </line>
            <line>
              <![CDATA[[INFO ] [2023-08-04 06:38:28,000] Register - Step 08: Verify register success message is displayed
<br>]]>
            </line>
          </reporter-output>
        </test-method> <!-- User_01_Register -->
        <test-method signature="User_02_Login()[pri:0, instance:com.nopcommerce.user.Level_24_Browser_Factory@36c0d0bd]" started-at="2023-08-03T23:38:28Z" name="User_02_Login" finished-at="2023-08-03T23:38:30Z" duration-ms="2208" status="PASS">
          <reporter-output>
            <line>
              <![CDATA[[INFO ] [2023-08-04 06:38:28,254] Login - Step 01: Navigate to Login page
<br>]]>
            </line>
            <line>
              <![CDATA[[INFO ] [2023-08-04 06:38:28,770] Login - Step 02: Enter to Email textbox with value is 'claretta.stoltenberg@gmail.com'
<br>]]>
            </line>
            <line>
              <![CDATA[[INFO ] [2023-08-04 06:38:28,938] Login Step 03: Enter to Password textbox with value is '96%8yQSg!S'
<br>]]>
            </line>
            <line>
              <![CDATA[[INFO ] [2023-08-04 06:38:29,068] Login - Step 04: Click to Login button
<br>]]>
            </line>
            <line>
              <![CDATA[[INFO ] [2023-08-04 06:38:29,847] Login Step 05: Verify 'My Account' link is displayed
<br>]]>
            </line>
            <line>
              <![CDATA[[INFO ] [2023-08-04 06:38:29,918]  -------------------------- PASSED -------------------------- 
<br>]]>
            </line>
            <line>
              <![CDATA[[INFO ] [2023-08-04 06:38:29,918] Login Step 06: Navigate to 'My Account' page
<br>]]>
            </line>
            <line>
              <![CDATA[[INFO ] [2023-08-04 06:38:30,297] Login Step 06: Verify 'Customer Infor' page is displayed
<br>]]>
            </line>
            <line>
              <![CDATA[[INFO ] [2023-08-04 06:38:30,364]  -------------------------- PASSED -------------------------- 
<br>]]>
            </line>
          </reporter-output>
        </test-method> <!-- User_02_Login -->
        <test-method signature="User_03_My_Account()[pri:0, instance:com.nopcommerce.user.Level_24_Browser_Factory@36c0d0bd]" started-at="2023-08-03T23:38:30Z" name="User_03_My_Account" finished-at="2023-08-03T23:38:30Z" duration-ms="617" status="PASS">
          <reporter-output>
            <line>
              <![CDATA[[INFO ] [2023-08-04 06:38:30,369] My Account Step 01: Navigate to 'My Account' page
<br>]]>
            </line>
            <line>
              <![CDATA[[INFO ] [2023-08-04 06:38:30,735] My Account Step 02: Verify 'Customer Infor' page is displayed
<br>]]>
            </line>
            <line>
              <![CDATA[[INFO ] [2023-08-04 06:38:30,798]  -------------------------- PASSED -------------------------- 
<br>]]>
            </line>
            <line>
              <![CDATA[[INFO ] [2023-08-04 06:38:30,799] My Account Step 03: Verify 'First Name' value is correctly
<br>]]>
            </line>
            <line>
              <![CDATA[[INFO ] [2023-08-04 06:38:30,859]  -------------------------- PASSED -------------------------- 
<br>]]>
            </line>
            <line>
              <![CDATA[[INFO ] [2023-08-04 06:38:30,859] My Account Step 04: Verify 'Last Name' value is correctly
<br>]]>
            </line>
            <line>
              <![CDATA[[INFO ] [2023-08-04 06:38:30,920]  -------------------------- PASSED -------------------------- 
<br>]]>
            </line>
            <line>
              <![CDATA[[INFO ] [2023-08-04 06:38:30,920] My Account Step 05: Verify 'Email' value is correctly
<br>]]>
            </line>
            <line>
              <![CDATA[[INFO ] [2023-08-04 06:38:30,983]  -------------------------- PASSED -------------------------- 
<br>]]>
            </line>
          </reporter-output>
        </test-method> <!-- User_03_My_Account -->
        <test-method is-config="true" signature="afterClass(java.lang.String)[pri:0, instance:com.nopcommerce.user.Level_24_Browser_Factory@36c0d0bd]" started-at="2023-08-03T23:38:30Z" name="afterClass" finished-at="2023-08-03T23:38:31Z" duration-ms="280" status="PASS">
          <params>
            <param index="0">
              <value>
                <![CDATA[local]]>
              </value>
            </param>
          </params>
          <reporter-output>
            <line>
              <![CDATA[[INFO ] [2023-08-04 06:38:30,987] OS name = windows 11
<br>]]>
            </line>
            <line>
              <![CDATA[[INFO ] [2023-08-04 06:38:30,987] Driver instance name = chromedriver: chrome on windows (9dc610feb43a2c9e9ceba0edcf8c0129)
<br>]]>
            </line>
          </reporter-output>
        </test-method> <!-- afterClass -->
      </class> <!-- com.nopcommerce.user.Level_24_Browser_Factory -->
    </test> <!-- Run on CHROME -->
    <test started-at="2023-08-03T23:38:11Z" name="Run on FIREFOX" finished-at="2023-08-03T23:38:32Z" duration-ms="21262">
      <class name="com.nopcommerce.user.Level_24_Browser_Factory">
        <test-method is-config="true" signature="beforeClass(java.lang.String, java.lang.String, java.lang.String, java.lang.String, java.lang.String, java.lang.String, java.lang.String)[pri:0, instance:com.nopcommerce.user.Level_24_Browser_Factory@7ca8d498]" started-at="2023-08-03T23:38:11Z" name="beforeClass" finished-at="2023-08-03T23:38:16Z" duration-ms="4428" status="PASS">
          <params>
            <param index="0">
              <value>
                <![CDATA[local]]>
              </value>
            </param>
            <param index="1">
              <value>
                <![CDATA[dev]]>
              </value>
            </param>
            <param index="2">
              <value>
                <![CDATA[firefox]]>
              </value>
            </param>
            <param index="3">
              <value>
                <![CDATA[localhost]]>
              </value>
            </param>
            <param index="4">
              <value>
                <![CDATA[4444]]>
              </value>
            </param>
            <param index="5">
              <value>
                <![CDATA[Windows]]>
              </value>
            </param>
            <param index="6">
              <value>
                <![CDATA[10]]>
              </value>
            </param>
          </params>
          <reporter-output>
          </reporter-output>
        </test-method> <!-- beforeClass -->
        <test-method signature="User_01_Register()[pri:0, instance:com.nopcommerce.user.Level_24_Browser_Factory@7ca8d498]" started-at="2023-08-03T23:38:16Z" name="User_01_Register" finished-at="2023-08-03T23:38:29Z" duration-ms="13494" status="PASS">
          <reporter-output>
            <line>
              <![CDATA[[INFO ] [2023-08-04 06:38:16,083] Register Step 01: Navigate to 'Register' page
<br>]]>
            </line>
            <line>
              <![CDATA[[INFO ] [2023-08-04 06:38:17,403] Register Step 02: Enter to Firstname textbox with value is 'Deidre'
<br>]]>
            </line>
            <line>
              <![CDATA[[INFO ] [2023-08-04 06:38:17,491] Register Step 03: Enter to Lastname textbox with value is 'Jast'
<br>]]>
            </line>
            <line>
              <![CDATA[[INFO ] [2023-08-04 06:38:18,491] Register Step 04: Enter to Email textbox with value is 'normand.quigley@yahoo.com'
<br>]]>
            </line>
            <line>
              <![CDATA[[INFO ] [2023-08-04 06:38:18,618] Register Step 05: Enter to Password textbox with value is 'jzp8%jfe9pg'
<br>]]>
            </line>
            <line>
              <![CDATA[[INFO ] [2023-08-04 06:38:18,702] Register - Step 06: Enter to Confirm Password textbox with value is 'jzp8%jfe9pg'
<br>]]>
            </line>
            <line>
              <![CDATA[[INFO ] [2023-08-04 06:38:28,791] Register - Step 07: Click to 'Register' button
<br>]]>
            </line>
            <line>
              <![CDATA[[INFO ] [2023-08-04 06:38:29,518] Register - Step 08: Verify register success message is displayed
<br>]]>
            </line>
          </reporter-output>
        </test-method> <!-- User_01_Register -->
        <test-method signature="User_02_Login()[pri:0, instance:com.nopcommerce.user.Level_24_Browser_Factory@7ca8d498]" started-at="2023-08-03T23:38:29Z" name="User_02_Login" finished-at="2023-08-03T23:38:31Z" duration-ms="1887" status="PASS">
          <reporter-output>
            <line>
              <![CDATA[[INFO ] [2023-08-04 06:38:29,666] Login - Step 01: Navigate to Login page
<br>]]>
            </line>
            <line>
              <![CDATA[[INFO ] [2023-08-04 06:38:30,076] Login - Step 02: Enter to Email textbox with value is 'normand.quigley@yahoo.com'
<br>]]>
            </line>
            <line>
              <![CDATA[[INFO ] [2023-08-04 06:38:30,155] Login Step 03: Enter to Password textbox with value is 'jzp8%jfe9pg'
<br>]]>
            </line>
            <line>
              <![CDATA[[INFO ] [2023-08-04 06:38:30,234] Login - Step 04: Click to Login button
<br>]]>
            </line>
            <line>
              <![CDATA[[INFO ] [2023-08-04 06:38:30,934] Login Step 05: Verify 'My Account' link is displayed
<br>]]>
            </line>
            <line>
              <![CDATA[[INFO ] [2023-08-04 06:38:31,003]  -------------------------- PASSED -------------------------- 
<br>]]>
            </line>
            <line>
              <![CDATA[[INFO ] [2023-08-04 06:38:31,003] Login Step 06: Navigate to 'My Account' page
<br>]]>
            </line>
            <line>
              <![CDATA[[INFO ] [2023-08-04 06:38:31,402] Login Step 06: Verify 'Customer Infor' page is displayed
<br>]]>
            </line>
            <line>
              <![CDATA[[INFO ] [2023-08-04 06:38:31,464]  -------------------------- PASSED -------------------------- 
<br>]]>
            </line>
          </reporter-output>
        </test-method> <!-- User_02_Login -->
        <test-method signature="User_03_My_Account()[pri:0, instance:com.nopcommerce.user.Level_24_Browser_Factory@7ca8d498]" started-at="2023-08-03T23:38:31Z" name="User_03_My_Account" finished-at="2023-08-03T23:38:32Z" duration-ms="652" status="PASS">
          <reporter-output>
            <line>
              <![CDATA[[INFO ] [2023-08-04 06:38:31,468] My Account Step 01: Navigate to 'My Account' page
<br>]]>
            </line>
            <line>
              <![CDATA[[INFO ] [2023-08-04 06:38:31,877] My Account Step 02: Verify 'Customer Infor' page is displayed
<br>]]>
            </line>
            <line>
              <![CDATA[[INFO ] [2023-08-04 06:38:31,934]  -------------------------- PASSED -------------------------- 
<br>]]>
            </line>
            <line>
              <![CDATA[[INFO ] [2023-08-04 06:38:31,935] My Account Step 03: Verify 'First Name' value is correctly
<br>]]>
            </line>
            <line>
              <![CDATA[[INFO ] [2023-08-04 06:38:31,995]  -------------------------- PASSED -------------------------- 
<br>]]>
            </line>
            <line>
              <![CDATA[[INFO ] [2023-08-04 06:38:31,995] My Account Step 04: Verify 'Last Name' value is correctly
<br>]]>
            </line>
            <line>
              <![CDATA[[INFO ] [2023-08-04 06:38:32,058]  -------------------------- PASSED -------------------------- 
<br>]]>
            </line>
            <line>
              <![CDATA[[INFO ] [2023-08-04 06:38:32,058] My Account Step 05: Verify 'Email' value is correctly
<br>]]>
            </line>
            <line>
              <![CDATA[[INFO ] [2023-08-04 06:38:32,119]  -------------------------- PASSED -------------------------- 
<br>]]>
            </line>
          </reporter-output>
        </test-method> <!-- User_03_My_Account -->
        <test-method is-config="true" signature="afterClass(java.lang.String)[pri:0, instance:com.nopcommerce.user.Level_24_Browser_Factory@7ca8d498]" started-at="2023-08-03T23:38:32Z" name="afterClass" finished-at="2023-08-03T23:38:32Z" duration-ms="761" status="PASS">
          <params>
            <param index="0">
              <value>
                <![CDATA[local]]>
              </value>
            </param>
          </params>
          <reporter-output>
            <line>
              <![CDATA[[INFO ] [2023-08-04 06:38:32,123] OS name = windows 11
<br>]]>
            </line>
            <line>
              <![CDATA[[INFO ] [2023-08-04 06:38:32,123] Driver instance name = firefoxdriver: firefox on windows (52e5e755-556f-40c5-b8f5-053702ea02f0)
<br>]]>
            </line>
          </reporter-output>
        </test-method> <!-- afterClass -->
      </class> <!-- com.nopcommerce.user.Level_24_Browser_Factory -->
    </test> <!-- Run on FIREFOX -->
  </suite> <!-- NopCommerce - User -->
</testng-results>
